Wed 13 Sep 2023 07:21:57 AM UTC: 
 tests:  1|8
total_score: 0/70
20b22ea
Wed 13 Sep 2023 07:30:13 AM UTC: 
 treemap.c | 2 +-
 1 file changed, 1 insertion(+), 1 deletion(-)
 tests:  1|8
total_score: 0/70
7a69e85
Wed 13 Sep 2023 07:31:26 AM UTC: 
 treemap.c | 1 +
 1 file changed, 1 insertion(+)
In file included from test.c:4:
treemap.c: In function ‘createTreeMap’:
treemap.c:40:14: error: unused variable ‘map’ [-Werror=unused-variable]
   40 |     TreeMap *map = (TreeMap *)malloc(sizeof(TreeMap));
      |              ^~~
cc1: all warnings being treated as errors
Compilation failed
a9cb1af
Wed 13 Sep 2023 07:32:08 AM UTC: 
 treemap.c | 2 +-
 1 file changed, 1 insertion(+), 1 deletion(-)
 tests:  1|8
total_score: 0/70
1f23440
Wed 13 Sep 2023 07:32:45 AM UTC: 
 treemap.c | 3 +++
 1 file changed, 3 insertions(+)
In file included from test.c:4:
treemap.c: In function ‘createTreeMap’:
treemap.c:43:10: error: ‘TreeMap’ has no member named ‘curent’; did you mean ‘current’?
   43 |     map->curent = NULL
      |          ^~~~~~
      |          current
treemap.c:44:5: error: expected ‘;’ before ‘map’
   44 |     map->lower_than = lt;
      |     ^~~
Compilation failed
ceeb953
Wed 13 Sep 2023 07:33:27 AM UTC: 
 treemap.c | 4 ++--
 1 file changed, 2 insertions(+), 2 deletions(-)
 tests:  4|7
total_score: 5/70
81e0309
Wed 13 Sep 2023 07:33:58 AM UTC: 
 treemap.c | 2 +-
 1 file changed, 1 insertion(+), 1 deletion(-)
 tests:  4|7
total_score: 5/70
e086204
Wed 13 Sep 2023 07:35:13 AM UTC: 
 treemap.c | 1 +
 1 file changed, 1 insertion(+)
In file included from test.c:4:
treemap.c: In function ‘searchTreeMap’:
treemap.c:77:15: error: unused variable ‘node’ [-Werror=unused-variable]
   77 |     TreeNode *node = tree->root;
      |               ^~~~
cc1: all warnings being treated as errors
Compilation failed
fff9454
Wed 13 Sep 2023 07:36:25 AM UTC: 
 treemap.c | 10 ++++++++++
 1 file changed, 10 insertions(+)
In file included from test.c:4:
treemap.c: In function ‘searchTreeMap’:
treemap.c:79:45: error: ‘Pair’ has no member named ‘ke’; did you mean ‘key’?
   79 |         if (is_equal(tree, key, node->pair->ke)) {
      |                                             ^~
      |                                             key
treemap.c:80:19: error: ‘TreeMap’ has no member named ‘currnt’; did you mean ‘current’?
   80 |             tree->currnt = node;
      |                   ^~~~~~
      |                   current
treemap.c:82:47: error: ‘pair’ undeclared (first use in this function); did you mean ‘Pair’?
   82 |         } else if (tree->lower_than(key, node>pair->key)) {
      |                                               ^~~~
      |                                               Pair
treemap.c:82:47: note: each undeclared identifier is reported only once for each function it appears in
treemap.c:83:13: error: ‘ode’ undeclared (first use in this function); did you mean ‘node’?
   83 |             ode = node->left;
      |             ^~~
      |             node
test.c:503:5: error: ‘main’ is normally a non-static function [-Werror=main]
  503 | int main( int argc, char *argv[] ) {
      |     ^~~~
test.c:606:1: error: expected declaration or statement at end of input
  606 | }
      | ^
test.c:607: error: control reaches end of non-void function [-Werror=return-type]
At top level:
test.c:503:5: error: ‘main’ defined but not used [-Werror=unused-function]
  503 | int main( int argc, char *argv[] ) {
      |     ^~~~
cc1: all warnings being treated as errors
Compilation failed
ae6ad0c
Wed 13 Sep 2023 07:36:56 AM UTC: 
 treemap.c | 2 +-
 1 file changed, 1 insertion(+), 1 deletion(-)
In file included from test.c:4:
treemap.c: In function ‘searchTreeMap’:
treemap.c:79:45: error: ‘Pair’ has no member named ‘ke’; did you mean ‘key’?
   79 |         if (is_equal(tree, key, node->pair->ke)) {
      |                                             ^~
      |                                             key
treemap.c:82:47: error: ‘pair’ undeclared (first use in this function); did you mean ‘Pair’?
   82 |         } else if (tree->lower_than(key, node>pair->key)) {
      |                                               ^~~~
      |                                               Pair
treemap.c:82:47: note: each undeclared identifier is reported only once for each function it appears in
treemap.c:83:13: error: ‘ode’ undeclared (first use in this function); did you mean ‘node’?
   83 |             ode = node->left;
      |             ^~~
      |             node
test.c:503:5: error: ‘main’ is normally a non-static function [-Werror=main]
  503 | int main( int argc, char *argv[] ) {
      |     ^~~~
test.c:606:1: error: expected declaration or statement at end of input
  606 | }
      | ^
test.c:607: error: control reaches end of non-void function [-Werror=return-type]
At top level:
test.c:503:5: error: ‘main’ defined but not used [-Werror=unused-function]
  503 | int main( int argc, char *argv[] ) {
      |     ^~~~
cc1: all warnings being treated as errors
Compilation failed
c99706d
Wed 13 Sep 2023 07:37:13 AM UTC: 
 treemap.c | 2 +-
 1 file changed, 1 insertion(+), 1 deletion(-)
In file included from test.c:4:
treemap.c: In function ‘searchTreeMap’:
treemap.c:79:45: error: ‘Pair’ has no member named ‘ke’; did you mean ‘key’?
   79 |         if (is_equal(tree, key, node->pair->ke)) {
      |                                             ^~
      |                                             key
treemap.c:82:20: error: ‘tr’ undeclared (first use in this function); did you mean ‘tree’?
   82 |         } else if (tr->lower_than(key, node>pair->key)) {
      |                    ^~
      |                    tree
treemap.c:82:20: note: each undeclared identifier is reported only once for each function it appears in
treemap.c:82:45: error: ‘pair’ undeclared (first use in this function); did you mean ‘Pair’?
   82 |         } else if (tr->lower_than(key, node>pair->key)) {
      |                                             ^~~~
      |                                             Pair
treemap.c:83:13: error: ‘ode’ undeclared (first use in this function); did you mean ‘node’?
   83 |             ode = node->left;
      |             ^~~
      |             node
test.c:503:5: error: ‘main’ is normally a non-static function [-Werror=main]
  503 | int main( int argc, char *argv[] ) {
      |     ^~~~
test.c:606:1: error: expected declaration or statement at end of input
  606 | }
      | ^
test.c:607: error: control reaches end of non-void function [-Werror=return-type]
At top level:
test.c:503:5: error: ‘main’ defined but not used [-Werror=unused-function]
  503 | int main( int argc, char *argv[] ) {
      |     ^~~~
cc1: all warnings being treated as errors
Compilation failed
beaf6b0
Wed 13 Sep 2023 07:37:26 AM UTC: 
 treemap.c | 2 +-
 1 file changed, 1 insertion(+), 1 deletion(-)
In file included from test.c:4:
treemap.c: In function ‘searchTreeMap’:
treemap.c:79:33: error: ‘nde’ undeclared (first use in this function); did you mean ‘node’?
   79 |         if (is_equal(tree, key, nde->pair->ke)) {
      |                                 ^~~
      |                                 node
treemap.c:79:33: note: each undeclared identifier is reported only once for each function it appears in
treemap.c:82:20: error: ‘tr’ undeclared (first use in this function); did you mean ‘tree’?
   82 |         } else if (tr->lower_than(key, node>pair->key)) {
      |                    ^~
      |                    tree
treemap.c:82:45: error: ‘pair’ undeclared (first use in this function); did you mean ‘Pair’?
   82 |         } else if (tr->lower_than(key, node>pair->key)) {
      |                                             ^~~~
      |                                             Pair
treemap.c:83:13: error: ‘ode’ undeclared (first use in this function); did you mean ‘node’?
   83 |             ode = node->left;
      |             ^~~
      |             node
test.c:503:5: error: ‘main’ is normally a non-static function [-Werror=main]
  503 | int main( int argc, char *argv[] ) {
      |     ^~~~
test.c:606:1: error: expected declaration or statement at end of input
  606 | }
      | ^
test.c:607: error: control reaches end of non-void function [-Werror=return-type]
At top level:
test.c:503:5: error: ‘main’ defined but not used [-Werror=unused-function]
  503 | int main( int argc, char *argv[] ) {
      |     ^~~~
cc1: all warnings being treated as errors
Compilation failed
b589ec2
Wed 13 Sep 2023 07:37:40 AM UTC: 
 treemap.c | 2 +-
 1 file changed, 1 insertion(+), 1 deletion(-)
In file included from test.c:4:
treemap.c: In function ‘searchTreeMap’:
treemap.c:79:33: error: ‘nde’ undeclared (first use in this function); did you mean ‘node’?
   79 |         if (is_equal(tree, key, nde->pair->ke)) {
      |                                 ^~~
      |                                 node
treemap.c:79:33: note: each undeclared identifier is reported only once for each function it appears in
treemap.c:81:20: error: ‘nod’ undeclared (first use in this function); did you mean ‘node’?
   81 |             return nod->pair;
      |                    ^~~
      |                    node
treemap.c:82:20: error: ‘tr’ undeclared (first use in this function); did you mean ‘tree’?
   82 |         } else if (tr->lower_than(key, node>pair->key)) {
      |                    ^~
      |                    tree
treemap.c:82:45: error: ‘pair’ undeclared (first use in this function); did you mean ‘Pair’?
   82 |         } else if (tr->lower_than(key, node>pair->key)) {
      |                                             ^~~~
      |                                             Pair
treemap.c:83:13: error: ‘ode’ undeclared (first use in this function); did you mean ‘node’?
   83 |             ode = node->left;
      |             ^~~
      |             node
test.c:503:5: error: ‘main’ is normally a non-static function [-Werror=main]
  503 | int main( int argc, char *argv[] ) {
      |     ^~~~
test.c:606:1: error: expected declaration or statement at end of input
  606 | }
      | ^
test.c:607: error: control reaches end of non-void function [-Werror=return-type]
At top level:
test.c:503:5: error: ‘main’ defined but not used [-Werror=unused-function]
  503 | int main( int argc, char *argv[] ) {
      |     ^~~~
cc1: all warnings being treated as errors
Compilation failed
db80c2f
Wed 13 Sep 2023 07:38:02 AM UTC: 
 treemap.c | 10 +++++-----
 1 file changed, 5 insertions(+), 5 deletions(-)
 tests:  11|6
total_score: 15/70
c0cc1ec
Wed 13 Sep 2023 07:40:01 AM UTC: 
 treemap.c | 3 ++-
 1 file changed, 2 insertions(+), 1 deletion(-)
In file included from test.c:4:
treemap.c: In function ‘insertTreeMap’:
treemap.c:52:13: error: unused variable ‘current’ [-Werror=unused-variable]
   52 |   TreeNode *current = tree->root;
      |             ^~~~~~~
treemap.c:51:13: error: unused variable ‘parent’ [-Werror=unused-variable]
   51 |   TreeNode *parent = NULL;
      |             ^~~~~~
cc1: all warnings being treated as errors
Compilation failed
c3b1ae1
Wed 13 Sep 2023 07:40:54 AM UTC: 
 treemap.c | 9 +++++++++
 1 file changed, 9 insertions(+)
In file included from test.c:4:
treemap.c: In function ‘insertTreeMap’:
treemap.c:56:19: error: ‘TreeMap’ has no member named ‘lowerthan’; did you mean ‘lower_than’?
   56 |         if (tree->lowerthan(ky, current->pair->key)) {
      |                   ^~~~~~~~~
      |                   lower_than
treemap.c:56:29: error: ‘ky’ undeclared (first use in this function); did you mean ‘key’?
   56 |         if (tree->lowerthan(ky, current->pair->key)) {
      |                             ^~
      |                             key
treemap.c:56:29: note: each undeclared identifier is reported only once for each function it appears in
treemap.c:57:13: error: statement with no effect [-Werror=unused-value]
   57 |             current  current->left;
      |             ^~~~~~~
treemap.c:57:20: error: expected ‘;’ before ‘current’
   57 |             current  current->left;
      |                    ^ ~~~~~~~
      |                    ;
treemap.c:51:13: error: variable ‘parent’ set but not used [-Werror=unused-but-set-variable]
   51 |   TreeNode *parent = NULL;
      |             ^~~~~~
cc1: all warnings being treated as errors
Compilation failed
2742475
Wed 13 Sep 2023 07:41:04 AM UTC: 
 treemap.c | 2 +-
 1 file changed, 1 insertion(+), 1 deletion(-)
In file included from test.c:4:
treemap.c: In function ‘insertTreeMap’:
treemap.c:56:19: error: ‘TreeMap’ has no member named ‘lowerthan’; did you mean ‘lower_than’?
   56 |         if (tree->lowerthan(y, current->pair->key)) {
      |                   ^~~~~~~~~
      |                   lower_than
treemap.c:56:29: error: ‘y’ undeclared (first use in this function)
   56 |         if (tree->lowerthan(y, current->pair->key)) {
      |                             ^
treemap.c:56:29: note: each undeclared identifier is reported only once for each function it appears in
treemap.c:57:13: error: statement with no effect [-Werror=unused-value]
   57 |             current  current->left;
      |             ^~~~~~~
treemap.c:57:20: error: expected ‘;’ before ‘current’
   57 |             current  current->left;
      |                    ^ ~~~~~~~
      |                    ;
treemap.c:51:13: error: variable ‘parent’ set but not used [-Werror=unused-but-set-variable]
   51 |   TreeNode *parent = NULL;
      |             ^~~~~~
cc1: all warnings being treated as errors
Compilation failed
2f04e89
Wed 13 Sep 2023 07:41:35 AM UTC: 
 treemap.c | 6 +++---
 1 file changed, 3 insertions(+), 3 deletions(-)
In file included from test.c:4:
treemap.c: In function ‘insertTreeMap’:
treemap.c:51:15: error: variable ‘parent’ set but not used [-Werror=unused-but-set-variable]
   51 |     TreeNode *parent = NULL;
      |               ^~~~~~
cc1: all warnings being treated as errors
Compilation failed
cefcc16
Wed 13 Sep 2023 07:42:24 AM UTC: 
 treemap.c | 2 ++
 1 file changed, 2 insertions(+)
 tests:  11|6
total_score: 15/70
3118c13
Wed 13 Sep 2023 07:42:52 AM UTC: 
 treemap.c | 2 ++
 1 file changed, 2 insertions(+)
test.c: In function ‘insertTreeMap’:
test.c:503:5: error: ‘main’ is normally a non-static function [-Werror=main]
  503 | int main( int argc, char *argv[] ) {
      |     ^~~~
test.c:606:1: error: expected declaration or statement at end of input
  606 | }
      | ^
At top level:
test.c:503:5: error: ‘main’ defined but not used [-Werror=unused-function]
  503 | int main( int argc, char *argv[] ) {
      |     ^~~~
cc1: all warnings being treated as errors
Compilation failed
d2c5e53
Wed 13 Sep 2023 07:43:27 AM UTC: 
 treemap.c | 6 ++++++
 1 file changed, 6 insertions(+)
In file included from test.c:4:
treemap.c: In function ‘insertTreeMap’:
treemap.c:69:16: error: ‘right’ undeclared (first use in this function)
   69 |         parent-right = neNode;
      |                ^~~~~
treemap.c:69:16: note: each undeclared identifier is reported only once for each function it appears in
treemap.c:69:24: error: ‘neNode’ undeclared (first use in this function); did you mean ‘newNode’?
   69 |         parent-right = neNode;
      |                        ^~~~~~
      |                        newNode
Compilation failed
2dfb1dd
Wed 13 Sep 2023 07:43:34 AM UTC: 
 treemap.c | 2 +-
 1 file changed, 1 insertion(+), 1 deletion(-)
In file included from test.c:4:
treemap.c: In function ‘insertTreeMap’:
treemap.c:67:24: error: ‘newode’ undeclared (first use in this function); did you mean ‘newNode’?
   67 |         parent->left = newode;
      |                        ^~~~~~
      |                        newNode
treemap.c:67:24: note: each undeclared identifier is reported only once for each function it appears in
treemap.c:69:16: error: ‘right’ undeclared (first use in this function)
   69 |         parent-right = neNode;
      |                ^~~~~
treemap.c:69:24: error: ‘neNode’ undeclared (first use in this function); did you mean ‘newNode’?
   69 |         parent-right = neNode;
      |                        ^~~~~~
      |                        newNode
Compilation failed
81de379
Wed 13 Sep 2023 07:43:40 AM UTC: 
 treemap.c | 2 +-
 1 file changed, 1 insertion(+), 1 deletion(-)
In file included from test.c:4:
treemap.c: In function ‘insertTreeMap’:
treemap.c:66:38: error: ‘paret’ undeclared (first use in this function); did you mean ‘parent’?
   66 |     } else if (tree->lower_than(key, paret->pair->key)) {
      |                                      ^~~~~
      |                                      parent
treemap.c:66:38: note: each undeclared identifier is reported only once for each function it appears in
treemap.c:67:24: error: ‘newode’ undeclared (first use in this function); did you mean ‘newNode’?
   67 |         parent->left = newode;
      |                        ^~~~~~
      |                        newNode
treemap.c:69:16: error: ‘right’ undeclared (first use in this function)
   69 |         parent-right = neNode;
      |                ^~~~~
treemap.c:69:24: error: ‘neNode’ undeclared (first use in this function); did you mean ‘newNode’?
   69 |         parent-right = neNode;
      |                        ^~~~~~
      |                        newNode
Compilation failed
b938d4f
Wed 13 Sep 2023 07:44:00 AM UTC: 
 treemap.c | 6 +++---
 1 file changed, 3 insertions(+), 3 deletions(-)
 tests:  13|5
total_score: 25/70
68e2004
Wed 13 Sep 2023 07:45:04 AM UTC: 
 treemap.c | 8 +++++---
 1 file changed, 5 insertions(+), 3 deletions(-)
In file included from test.c:4:
treemap.c: In function ‘minimum’:
treemap.c:76:16: error: ‘TreeNode’ has no member named ‘lef’; did you mean ‘left’?
   76 |         x = x->lef;
      |                ^~~
      |                left
Compilation failed
764ffb7
Wed 13 Sep 2023 07:45:23 AM UTC: 
 treemap.c | 2 +-
 1 file changed, 1 insertion(+), 1 deletion(-)
 tests:  15|4
total_score: 25/70
edf8222
Wed 13 Sep 2023 07:47:36 AM UTC: 
 treemap.c | 5 +++++
 1 file changed, 5 insertions(+)
In file included from test.c:4:
treemap.c: In function ‘firstTreeMap’:
treemap.c:119:25: error: ‘mnNode’ undeclared (first use in this function); did you mean ‘minNode’?
  119 |         tree->current = mnNode;
      |                         ^~~~~~
      |                         minNode
treemap.c:119:25: note: each undeclared identifier is reported only once for each function it appears in
Compilation failed
345611b
Wed 13 Sep 2023 07:48:01 AM UTC: 
 treemap.c | 2 +-
 1 file changed, 1 insertion(+), 1 deletion(-)
 tests:  17|3
total_score: 30/70
bdb698b
Wed 13 Sep 2023 07:54:35 AM UTC: 
 treemap.c | 7 +++++++
 1 file changed, 7 insertions(+)
In file included from test.c:4:
treemap.c: In function ‘nextTreeMap’:
treemap.c:129:25: error: ‘nextNoe’ undeclared (first use in this function); did you mean ‘nextNode’?
  129 |         tree->current = nextNoe;
      |                         ^~~~~~~
      |                         nextNode
treemap.c:129:25: note: each undeclared identifier is reported only once for each function it appears in
Compilation failed
e81b848
Wed 13 Sep 2023 07:54:50 AM UTC: 
 treemap.c | 4 ++--
 1 file changed, 2 insertions(+), 2 deletions(-)
In file included from test.c:4:
treemap.c: In function ‘nextTreeMap’:
treemap.c:128:9: error: unknown type name ‘TreNode’; did you mean ‘TreeNode’?
  128 |         TreNode *nextNode = minimum(tree->current->right);
      |         ^~~~~~~
      |         TreeNode
treemap.c:128:29: error: initialization of ‘int *’ from incompatible pointer type ‘TreeNode *’ [-Werror=incompatible-pointer-types]
  128 |         TreNode *nextNode = minimum(tree->current->right);
      |                             ^~~~~~~
treemap.c:129:25: error: ‘nextNote’ undeclared (first use in this function); did you mean ‘nextNode’?
  129 |         tree->current = nextNote;
      |                         ^~~~~~~~
      |                         nextNode
treemap.c:129:25: note: each undeclared identifier is reported only once for each function it appears in
treemap.c:130:24: error: request for member ‘pair’ in something not a structure or union
  130 |         return nextNode->pair;
      |                        ^~
cc1: all warnings being treated as errors
Compilation failed
1373a02
Wed 13 Sep 2023 07:54:58 AM UTC: 
 treemap.c | 2 +-
 1 file changed, 1 insertion(+), 1 deletion(-)
In file included from test.c:4:
treemap.c: In function ‘nextTreeMap’:
treemap.c:129:25: error: ‘nextNote’ undeclared (first use in this function); did you mean ‘nextNode’?
  129 |         tree->current = nextNote;
      |                         ^~~~~~~~
      |                         nextNode
treemap.c:129:25: note: each undeclared identifier is reported only once for each function it appears in
Compilation failed
e009b64
Wed 13 Sep 2023 07:55:18 AM UTC: 
 treemap.c | 2 +-
 1 file changed, 1 insertion(+), 1 deletion(-)
 tests:  19|3
total_score: 35/70
16e7ff0
Wed 13 Sep 2023 07:56:11 AM UTC: 
 treemap.c | 1 +
 1 file changed, 1 insertion(+)
In file included from test.c:4:
treemap.c: In function ‘nextTreeMap’:
treemap.c:132:13: error: unused variable ‘parent’ [-Werror=unused-variable]
  132 |   TreeNode *parent = tree->current->parent;
      |             ^~~~~~
cc1: all warnings being treated as errors
Compilation failed
e984ba2
Wed 13 Sep 2023 07:56:41 AM UTC: 
 treemap.c | 4 ++++
 1 file changed, 4 insertions(+)
 tests:  19|3
total_score: 35/70
e08ab71
Wed 13 Sep 2023 07:58:06 AM UTC: 
 treemap.c | 3 ++-
 1 file changed, 2 insertions(+), 1 deletion(-)
 tests:  22|2
total_score: 45/70
2ed37ae
Wed 13 Sep 2023 08:06:09 AM UTC: 
 treemap.c | 2 ++
 1 file changed, 2 insertions(+)
In file included from test.c:4:
treemap.c: In function ‘upperBound’:
treemap.c:114:13: error: unused variable ‘current’ [-Werror=unused-variable]
  114 |   TreeNode *current = tree->root;
      |             ^~~~~~~
treemap.c:113:13: error: unused variable ‘ub_node’ [-Werror=unused-variable]
  113 |   TreeNode *ub_node = NULL;
      |             ^~~~~~~
cc1: all warnings being treated as errors
Compilation failed
f4377e4
Wed 13 Sep 2023 08:07:20 AM UTC: 
 treemap.c | 10 ++++++++++
 1 file changed, 10 insertions(+)
In file included from test.c:4:
treemap.c: In function ‘upperBound’:
treemap.c:120:23: error: ‘curent’ undeclared (first use in this function); did you mean ‘current’?
  120 |             current = curent->left;
      |                       ^~~~~~
      |                       current
treemap.c:120:23: note: each undeclared identifier is reported only once for each function it appears in
treemap.c:113:15: error: variable ‘ub_node’ set but not used [-Werror=unused-but-set-variable]
  113 |     TreeNode *ub_node = NULL;
      |               ^~~~~~~
cc1: all warnings being treated as errors
Compilation failed
9dabbc5
Wed 13 Sep 2023 08:07:33 AM UTC: 
 treemap.c | 4 ++--
 1 file changed, 2 insertions(+), 2 deletions(-)
In file included from test.c:4:
treemap.c: In function ‘upperBound’:
treemap.c:117:29: error: ‘TreeNode’ has no member named ‘par’; did you mean ‘pair’?
  117 |             return current->par;
      |                             ^~~
      |                             pair
treemap.c:113:15: error: variable ‘ub_node’ set but not used [-Werror=unused-but-set-variable]
  113 |     TreeNode *ub_node = NULL;
      |               ^~~~~~~
cc1: all warnings being treated as errors
Compilation failed
55363ad
Wed 13 Sep 2023 08:07:42 AM UTC: 
 treemap.c | 2 +-
 1 file changed, 1 insertion(+), 1 deletion(-)
In file included from test.c:4:
treemap.c: In function ‘upperBound’:
treemap.c:113:15: error: variable ‘ub_node’ set but not used [-Werror=unused-but-set-variable]
  113 |     TreeNode *ub_node = NULL;
      |               ^~~~~~~
cc1: all warnings being treated as errors
Compilation failed
062a0ba
Wed 13 Sep 2023 08:08:21 AM UTC: 
 treemap.c | 1 +
 1 file changed, 1 insertion(+)
 tests:  26|1
total_score: 55/70
5e3b079
Wed 13 Sep 2023 08:11:34 AM UTC: 
 treemap.c | 13 +++++++++++++
 1 file changed, 13 insertions(+)
In file included from test.c:4:
treemap.c: In function ‘transplant’:
treemap.c:86:12: error: ‘TreeNode’ has no member named ‘paent’; did you mean ‘parent’?
   86 |         u->paent->left = v;
      |            ^~~~~
      |            parent
Compilation failed
1ce4174
Wed 13 Sep 2023 08:11:44 AM UTC: 
 treemap.c | 2 +-
 1 file changed, 1 insertion(+), 1 deletion(-)
 tests:  26|1
total_score: 55/70
d7dafba
Wed 13 Sep 2023 08:13:55 AM UTC: 
 treemap.c | 2 ++
 1 file changed, 2 insertions(+)
test.c: In function ‘removeNode’:
test.c:503:5: error: ‘main’ is normally a non-static function [-Werror=main]
  503 | int main( int argc, char *argv[] ) {
      |     ^~~~
test.c:606:1: error: expected declaration or statement at end of input
  606 | }
      | ^
At top level:
test.c:503:5: error: ‘main’ defined but not used [-Werror=unused-function]
  503 | int main( int argc, char *argv[] ) {
      |     ^~~~
cc1: all warnings being treated as errors
Compilation failed
ec294f3
Wed 13 Sep 2023 08:14:16 AM UTC: 
 treemap.c | 3 ++-
 1 file changed, 2 insertions(+), 1 deletion(-)
test.c: In function ‘removeNode’:
test.c:503:5: error: ‘main’ is normally a non-static function [-Werror=main]
  503 | int main( int argc, char *argv[] ) {
      |     ^~~~
test.c:606:1: error: expected declaration or statement at end of input
  606 | }
      | ^
At top level:
test.c:503:5: error: ‘main’ defined but not used [-Werror=unused-function]
  503 | int main( int argc, char *argv[] ) {
      |     ^~~~
cc1: all warnings being treated as errors
Compilation failed
4afea35
